MPASM  5.03                         AN734.ASM   1-6-2014  21:11:48         PAGE  1


LOC  OBJECT CODE     LINE SOURCE TEXT
  VALUE

                      00001  LIST      p=16F877 
                      00002 
                      00003 #include <p16f877.inc>
                      00001         LIST
                      00002 ; P16F877.INC  Standard Header File, Version 1.00    Microchip Technology, Inc.
                      00373         LIST
                      00004 
                      00005 ; CONFIG1
                      00006 
                      00007 ; __config 0xFE5C
                      00008 
Warning[205]: Found directive in column 1. (__CONFIG)
Error[113]  : Symbol not previously defined (_CONFIG1)
Error[108]  : Illegal character (,)
2007   0000           00009 __CONFIG _CONFIG1, _FOSC_INTOSC & _WDTE_ON & _PWRTE_ON & _MCLRE_ON & _CP_ON & _CPD_ON & _BOREN_ON & _CLK
                            OUTEN_OFF & _IESO_ON & _FCMEN_ON 
                      00010 
                      00011 ; CONFIG2
                      00012 
                      00013 ; __config 0xFFFF
                      00014 
Error[113]  : Symbol not previously defined (_CONFIG2)
Error[108]  : Illegal character (,)
Error[118]  : Overwriting previous address contents (2007)
Error[118]  : Overwriting previous address contents (2007)
2007   0000           00015  __CONFIG _CONFIG2, _WRT_OFF & _VCAPEN_OFF & _PLLEN_ON & _STVREN_ON & _BORV_LO & _LVP_ON
                      00016 
                      00017 
                      00018 
                      00019 #define I2C_ADDRESS     0x30                            ; Slave address
                      00020 
                      00021 #define RX_ELEMENTS             .32                                     ; number of allowable array elem
                            ents, in this case 32
                      00022 
                      00023 
                      00024 
                      00025 ;------------------------------------ variables--------------------------------------------------
                      00026 
                      00027 
                      00028 
Warning[205]: Found directive in column 1. (cblock)
                      00029 cblock 0x70                                                                     ; set up in shared memor
                            y for easy access
                      00030 
  00000070            00031                 INDEX_I2C                                                       ; index used to point to
                             array location
                      00032 
  00000071            00033                 FIRST                                                           ; used to determine if i
                            t is first data byte            
                      00034 
Warning[205]: Found directive in column 1. (ENDC)
                      00035 endc
                      00036 
MPASM  5.03                         AN734.ASM   1-6-2014  21:11:48         PAGE  2


LOC  OBJECT CODE     LINE SOURCE TEXT
  VALUE

Error[149]  : Directive only allowed when generating an object file
                      00037                 udata
                      00038 
Warning[207]: Found label after column 1. (I2C_ARRAY)
0000                  00039                 I2C_ARRAY               res RX_ELEMENTS         ; array to write to, array memory size
                      00040 
                      00041                 
                      00042 
                      00043 
                      00044 
                      00045 ;-----------------------------------------------------------------------------------------------
                      00046 
                      00047 ; The macro LOADFSR loads FSR1 with the I2C address and the I2C index value to read or write to
                      00048 
                      00049 ; and makes code easier to read.
                      00050 
                      00051 ;------------------------------------- LOADFSR macro -------------------------------------------
                      00052 
                      00053 
                      00054 
                      00055 LOADFSR macro   ADDRESS,INDEX                           ; ADDRESS = I2C_ARRAY, INDEX = INDEX_I2C        
                                            
                      00056 
                      00057                 movlw   ADDRESS                                         ; load address                  
                                                    
                      00058 
                      00059                 addwf   INDEX,W                                         ; add the index value to determi
                            ne location in array
                      00060 
                      00061                 movwf   FSR1L                                           ; load FSR1L with pointer info
                      00062 
                      00063                 clrf    FSR1H
                      00064 
                      00065                 endm            
                      00066 
                      00067 ;-----------------------------------------------------------------------------------------------
                      00068 
                      00069 
                      00070 
                      00071 
                      00072 
                      00073 ;----------------------------------- start vectors ---------------------------------------------
                      00074 
0000                  00075                 ORG     0x0000                                  ; reset vector
                      00076 
0000   2840           00077         goto    Main                            ; jump to main
                      00078 
                      00079 ;-----------------------------------------------------------------------------------------------
                      00080 
                      00081 
                      00082 
                      00083 ;----------------------------------- interrupt vector ------------------------------------------
                      00084 
MPASM  5.03                         AN734.ASM   1-6-2014  21:11:48         PAGE  3


LOC  OBJECT CODE     LINE SOURCE TEXT
  VALUE

0004                  00085         ORG     0x0004                                  ; interrupt vector
                      00086 
0004   1283 1303      00087                 banksel PIR1
                      00088 
0006   1D8C           00089                 btfss   PIR1,SSPIF                                      ; Is this a SSP interrupt?
                      00090 
0007   28F0           00091                 goto    BUS_COLL                                        ; if not, bus collision int occu
                            rred
                      00092 
0008   1683 1303      00093         banksel SSPSTAT                                         
                      00094 
Message[302]: Register in operand not in bank 0.  Ensure that bank bits are correct.
000A   1914           00095                 btfsc   SSPSTAT,2                                       ; is it a master read:
                      00096 
000B   286E           00097                 goto    READ                                            ; if so go here
                      00098 
000C   289B           00099                 goto    WRITE                                           ; if not, go here
                      00100 
                      00101 ;-----------------------------------------------------------------------------------------------
                      00102 
                      00103 
                      00104 
                      00105 
                      00106 
                      00107 ;-----------------------------------------------------------------------------------------------
                      00108 
                      00109 ;                                                Main
                      00110 
                      00111 ;-----------------------------------------------------------------------------------------------
                      00112 
0040                  00113                 ORG             0x0040                                  ; start of Flash memory  
                      00114 
                      00115 
                      00116 
0040                  00117 Main    
                      00118 
0040   2043           00119                 call    INITIALIZE                                      ; set up uC
                      00120 
                      00121 
                      00122 
0041                  00123 LOOP    
                      00124 
0041   0064           00125                 clrwdt                                                          ; infinite while loop
                      00126 
0042   2841           00127                 goto    LOOP
                      00128 
                      00129 ;------------------------------------- end main ------------------------------------------------
                      00130 
                      00131         
                      00132 
                      00133 ;-----------------------------------------------------------------------------------------------
                      00134 
                      00135 ;       Initialize: Sets up register values 
MPASM  5.03                         AN734.ASM   1-6-2014  21:11:48         PAGE  4


LOC  OBJECT CODE     LINE SOURCE TEXT
  VALUE

                      00136 
                      00137 ;-----------------------------------------------------------------------------------------------
                      00138 
0043                  00139 INITIALIZE
                      00140 
                      00141 ;uC set up
                      00142 
Error[113]  : Symbol not previously defined (OSCCON)
0043   1283 1303      00143                 banksel OSCCON
                      00144 
0045   307A           00145                 movlw   b'01111010'                                     ; Internal OSC @ 16MHz, Internal
                             OSC block selected 
                      00146 
Error[113]  : Symbol not previously defined (OSCCON)
0046   0080           00147                 movwf   OSCCON                      ; 4xPLL is enabled (set in config word) 
                      00148 
0047   30D7           00149                 movlw   b'11010111'                 ; WPU disabled, INT on rising edge, FOSC/4,
                      00150 
Message[302]: Register in operand not in bank 0.  Ensure that bank bits are correct.
0048   0081           00151                 movwf   OPTION_REG                                      ; Prescaler assigned to TMR0, pr
                            escaler rate 1:256
                      00152 
0049   3017           00153                 movlw   b'00010111'                                     ; WDT prescaler 1:65536 period i
                            s 2 sec (RESET value)
                      00154 
Error[113]  : Symbol not previously defined (WDTCON)
004A   0080           00155                 movwf   WDTCON 
                      00156 
Error[113]  : Symbol not previously defined (LATC)
004B   1283 1303      00157                 banksel LATC
                      00158 
Error[113]  : Symbol not previously defined (LATC)
004D   0180           00159         clrf    LATC                        ; Clear PORTC latches
                      00160 
004E   1683 1303      00161                 banksel TRISC                           
                      00162 
Message[302]: Register in operand not in bank 0.  Ensure that bank bits are correct.
0050   1587           00163         bsf     TRISC,3                     ; Set RC3 to input (must be done)
                      00164 
Message[302]: Register in operand not in bank 0.  Ensure that bank bits are correct.
0051   1607           00165         bsf     TRISC,4                     ; Set RC4 to input (must be done)
                      00166 
0052   01F0           00167                 clrf    INDEX_I2C                   ; Clear the index pointer
                      00168 
0053   01F1           00169                 clrf    FIRST                       ; Clear FIRST
                      00170 
0054   1471           00171                 bsf             FIRST,0                     ; set bit 0 in FIRST
                      00172 
                      00173 ;I2C set up
                      00174 
0055   1683 1303      00175                 banksel SSPSTAT
                      00176 
Message[302]: Register in operand not in bank 0.  Ensure that bank bits are correct.
MPASM  5.03                         AN734.ASM   1-6-2014  21:11:48         PAGE  5


LOC  OBJECT CODE     LINE SOURCE TEXT
  VALUE

0057   1794           00177                 bsf             SSPSTAT,SMP                                     ; Slew rate control disa
                            bled for standard speed mode
                      00178 
0058   3036           00179                 movlw   b'00110110'                                     ; Enable serial port, I2C slave 
                            mode, 7-bit address
                      00180 
Error[113]  : Symbol not previously defined (SSPCON1)
0059   0080           00181                 movwf   SSPCON1
                      00182 
Message[302]: Register in operand not in bank 0.  Ensure that bank bits are correct.
005A   1411           00183                 bsf             SSPCON2,SEN                                     ; enable clock stretchin
                            g
                      00184 
Error[113]  : Symbol not previously defined (SSPCON3)
Error[113]  : Symbol not previously defined (BOEN)
005B   1400           00185                 bsf             SSPCON3,BOEN                            ; SSPBUF is updated and NACK is 
                            generated       
                      00186 
                      00187                                                                                         ; for a received
                             address/data byte, 
                      00188 
                      00189                                                                                         ; ignoring the s
                            tate of SSPOV bit only if BF bit = 0.
                      00190 
Error[113]  : Symbol not previously defined (SSPCON3)
Error[113]  : Symbol not previously defined (SDAHT)
005C   1400           00191                 bsf             SSPCON3,SDAHT                           ; Minimum of 300 ns hold time
                      00192 
005D   3030           00193                 movlw   I2C_ADDRESS                                     ; load the slave address
                      00194 
Message[302]: Register in operand not in bank 0.  Ensure that bank bits are correct.
005E   0093           00195                 movwf   SSPADD
                      00196 
                      00197         
                      00198 
005F   1283 1303      00199                 banksel PIR1
                      00200 
0061   118C           00201                 bcf             PIR1,SSPIF                                      ; clear the SSP interrup
                            t flag  
                      00202 
0062   1683 1303      00203                 banksel PIE1
                      00204 
Message[302]: Register in operand not in bank 0.  Ensure that bank bits are correct.
0064   158C           00205                 bsf             PIE1,SSPIE                                      ; enable SSP interrupts
                      00206 
0065   1283 1303      00207                 banksel PIR2
                      00208 
0067   118D           00209                 bcf             PIR2,BCLIF                                      ; clear the SSP interrup
                            t flag
                      00210 
0068   1683 1303      00211                 banksel PIE2
                      00212 
Message[302]: Register in operand not in bank 0.  Ensure that bank bits are correct.
MPASM  5.03                         AN734.ASM   1-6-2014  21:11:48         PAGE  6


LOC  OBJECT CODE     LINE SOURCE TEXT
  VALUE

006A   158D           00213                 bsf             PIE2,BCLIE                                      ; enable SSP interrupts
                      00214 
006B   170B           00215                 bsf             INTCON,PEIE                                     ; enable peripheral inte
                            rrupts
                      00216 
006C   178B           00217                 bsf             INTCON,GIE                                      ; enable global interrup
                            ts
                      00218 
006D   0008           00219                 return
                      00220 
                      00221 ;------------------------------------- END INITIALIZE ------------------------------------------
                      00222 
                      00223 
                      00224 
                      00225 ;-----------------------------------------------------------------------------------------------        
                                                    
                      00226 
                      00227 ;                                Interrupt Service Routine (ISR)
                      00228 
                      00229 ;-----------------------------------------------------------------------------------------------
                      00230 
006E                  00231 READ    
                      00232 
006E   1683 1303      00233                 banksel SSPSTAT                                         
                      00234 
Message[302]: Register in operand not in bank 0.  Ensure that bank bits are correct.
0070   1E94           00235                 btfss   SSPSTAT,5                                       ; was last byte an address or da
                            ta?
                      00236 
0071   2873           00237                 goto    R_ADDRESS                                       ; if clear, it was an address
                      00238 
0072   2887           00239                 goto    R_DATA                                          ; if set, it was data
                      00240 
                      00241                 
                      00242 
0073                  00243 R_ADDRESS               
                      00244 
                      00245                 LOADFSR I2C_ARRAY,INDEX_I2C                     ; call LOADFSR macro
                          M 
0073   3000               M                 movlw   I2C_ARRAY                                       ; load address                  
                                                    
                          M 
0074   0770               M                 addwf   INDEX_I2C,W                                     ; add the index value to determi
                            ne location in array
                          M 
Error[113]  : Symbol not previously defined (FSR1L)
0075   0080               M                 movwf   FSR1L                                           ; load FSR1L with pointer info
                          M 
Error[113]  : Symbol not previously defined (FSR1H)
0076   0180               M                 clrf    FSR1H
                          M 
                      00246 
Error[113]  : Symbol not previously defined (INDF1)
MPASM  5.03                         AN734.ASM   1-6-2014  21:11:48         PAGE  7


LOC  OBJECT CODE     LINE SOURCE TEXT
  VALUE

0077   0800           00247                 movf    INDF1,W                                         ; move value into W to load to S
                            SP buffer
                      00248 
0078   1283 1303      00249                 banksel SSPBUF
                      00250 
007A   0093           00251                 movwf   SSPBUF                                          ; load SSP buffer
                      00252 
007B   0AF0           00253                 incf    INDEX_I2C,F                                     ; increment INDEX_I2C 'pointer'
                      00254 
Error[113]  : Symbol not previously defined (SSPCON1)
007C   1283 1303      00255         banksel SSPCON1
                      00256 
Error[113]  : Symbol not previously defined (SSPCON1)
007E   1B80           00257                 btfsc   SSPCON1,WCOL                            ; did a write collision occur?
                      00258 
007F   28E3           00259                 goto    WRITE_COLL                                      ; if so, go clear bit
                      00260 
Error[113]  : Symbol not previously defined (SSPCON1)
0080   1283 1303      00261                 banksel SSPCON1                         
                      00262 
Error[113]  : Symbol not previously defined (SSPCON1)
0082   1600           00263                 bsf             SSPCON1,CKP                                     ; release clock stretch
                      00264 
0083   1283 1303      00265                 banksel PIR1
                      00266 
0085   118C           00267                 bcf     PIR1,SSPIF                                      ; clear the SSP interrupt flag
                      00268 
0086   28FA           00269                 goto    EXIT                                            ; Go to EXIT to return from inte
                            rrupt
                      00270 
                      00271 
                      00272 
0087                  00273 R_DATA          
                      00274 
                      00275                 LOADFSR I2C_ARRAY,INDEX_I2C                     ; call LOADFSR macro
                          M 
0087   3000               M                 movlw   I2C_ARRAY                                       ; load address                  
                                                    
                          M 
0088   0770               M                 addwf   INDEX_I2C,W                                     ; add the index value to determi
                            ne location in array
                          M 
Error[113]  : Symbol not previously defined (FSR1L)
0089   0080               M                 movwf   FSR1L                                           ; load FSR1L with pointer info
                          M 
Error[113]  : Symbol not previously defined (FSR1H)
008A   0180               M                 clrf    FSR1H
                          M 
                      00276 
Error[113]  : Symbol not previously defined (INDF1)
008B   0800           00277                 movf    INDF1,W                                         ; move value into W to load to S
                            SP buffer
                      00278 
MPASM  5.03                         AN734.ASM   1-6-2014  21:11:48         PAGE  8


LOC  OBJECT CODE     LINE SOURCE TEXT
  VALUE

008C   1283 1303      00279                 banksel SSPBUF                                          
                      00280 
008E   0093           00281                 movwf   SSPBUF                                          ; load SSP buffer
                      00282 
008F   0AF0           00283                 incf    INDEX_I2C,F                                     ; increment INDEX_I2C 'pointer'
                      00284 
Error[113]  : Symbol not previously defined (SSPCON1)
0090   1283 1303      00285         banksel SSPCON1
                      00286 
Error[113]  : Symbol not previously defined (SSPCON1)
0092   1B80           00287                 btfsc   SSPCON1,WCOL                            ; did a write collision occur?
                      00288 
0093   28E3           00289                 goto    WRITE_COLL                                      ; if so, go clear bit
                      00290 
Error[113]  : Symbol not previously defined (SSPCON1)
0094   1283 1303      00291                 banksel SSPCON1
                      00292 
Error[113]  : Symbol not previously defined (SSPCON1)
0096   1600           00293                 bsf             SSPCON1,CKP                                     ; release clock stretch
                      00294 
0097   1283 1303      00295                 banksel PIR1
                      00296 
0099   118C           00297                 bcf     PIR1,SSPIF                                      ; clear the SSP interrupt flag
                      00298 
009A   28FA           00299                 goto    EXIT                                            ; Go to EXIT to return from inte
                            rrupt
                      00300 
                      00301 
                      00302 
                      00303 
                      00304 
009B                  00305 WRITE
                      00306 
009B   1683 1303      00307                 banksel SSPSTAT                                         
                      00308 
Message[302]: Register in operand not in bank 0.  Ensure that bank bits are correct.
009D   1E94           00309                 btfss   SSPSTAT,5                                       ; was last byte an address or da
                            ta?
                      00310 
009E   28A0           00311                 goto    W_ADDRESS                                       ; if clear, it was an address
                      00312 
009F   28AB           00313                 goto    W_DATA                                          ; if set, it was data
                      00314 
                      00315 
                      00316 
00A0                  00317 W_ADDRESS
                      00318 
00A0   1471           00319         bsf             FIRST,0                                         ; set bit 0 of FIRST
                      00320 
00A1   1283 1303      00321                 banksel SSPBUF
                      00322 
00A3   0813           00323                 movfw   SSPBUF                                          ; move the contents of the buffe
                            r into W
MPASM  5.03                         AN734.ASM   1-6-2014  21:11:48         PAGE  9


LOC  OBJECT CODE     LINE SOURCE TEXT
  VALUE

                      00324 
                      00325                                             ; dummy read to clear the BF bit
                      00326 
Error[113]  : Symbol not previously defined (SSPCON1)
00A4   1283 1303      00327                 banksel SSPCON1
                      00328 
Error[113]  : Symbol not previously defined (SSPCON1)
00A6   1600           00329                 bsf             SSPCON1,CKP                                     ; release clock stretch
                      00330 
00A7   1283 1303      00331                 banksel PIR1
                      00332 
00A9   118C           00333                 bcf     PIR1,SSPIF                                      ; clear the SSP interrupt flag
                      00334 
00AA   28FA           00335                 goto    EXIT                                            ; Go to EXIT to return from inte
                            rrupt
                      00336 
                      00337 
                      00338 
00AB                  00339 W_DATA
                      00340 
00AB   1C71           00341                 btfss   FIRST,0                                         ; is bit 0 set?
                      00342 
00AC   28BB           00343                 goto    W_DATA_SUB                                      ; if clear, go write data
                      00344 
00AD   1283 1303      00345                 banksel SSPBUF                                          ; if set, first data byte is loc
                            ation to write to
                      00346 
00AF   0813           00347                 movfw   SSPBUF
                      00348 
00B0   00F0           00349                 movwf   INDEX_I2C                                       ; load INDEX_I2C with data addre
                            ss to write to
                      00350 
00B1   01F1           00351                 clrf    FIRST                                           ; clear the FIRST register
                      00352 
Error[113]  : Symbol not previously defined (SSPCON1)
00B2   1283 1303      00353         banksel SSPCON1
                      00354 
Error[113]  : Symbol not previously defined (SSPCON1)
00B4   1B80           00355                 btfsc   SSPCON1,WCOL                            ; did a write collision occur?
                      00356 
00B5   28E3           00357                 goto    WRITE_COLL                                      ; if so, go clear bit
                      00358 
Error[113]  : Symbol not previously defined (SSPCON1)
00B6   1600           00359                 bsf             SSPCON1,CKP                                     ; release clock stretch
                      00360 
00B7   1283 1303      00361                 banksel PIR1
                      00362 
00B9   118C           00363                 bcf     PIR1,SSPIF                                      ; clear the SSP interrupt flag  
                      00364 
00BA   28FA           00365                 goto    EXIT                                            ; Go to EXIT to return from inte
                            rrupt
                      00366 
                      00367 
MPASM  5.03                         AN734.ASM   1-6-2014  21:11:48         PAGE 10


LOC  OBJECT CODE     LINE SOURCE TEXT
  VALUE

                      00368 
00BB                  00369 W_DATA_SUB
                      00370 
00BB   0180           00371                 clrf    W                           ; clear W
                      00372 
00BC   3020           00373                 movlw   RX_ELEMENTS                                     ; load array elements value
                      00374 
00BD   1283 1303      00375                 banksel STATUS                                          
                      00376 
00BF   1903           00377                 btfsc   STATUS,Z                                        ; is Z clear?  
                      00378 
00C0   0270           00379                 subwf   INDEX_I2C,W                                     ; if Z = 1, subtract index from 
                            number of elements
                      00380 
00C1   1283 1303      00381                 banksel STATUS          
                      00382 
00C3   1803           00383                 btfsc   STATUS,0                                        ; did a carry occur after subtra
                            ction?
                      00384 
00C4   28D9           00385                 goto    NO_MEM_OVERWRITE                        ; if so, Master is trying to write to ma
                            ny bytes
                      00386 
                      00387                 LOADFSR I2C_ARRAY,INDEX_I2C                     ; call LOADFSR macro
                          M 
00C5   3000               M                 movlw   I2C_ARRAY                                       ; load address                  
                                                    
                          M 
00C6   0770               M                 addwf   INDEX_I2C,W                                     ; add the index value to determi
                            ne location in array
                          M 
Error[113]  : Symbol not previously defined (FSR1L)
00C7   0080               M                 movwf   FSR1L                                           ; load FSR1L with pointer info
                          M 
Error[113]  : Symbol not previously defined (FSR1H)
00C8   0180               M                 clrf    FSR1H
                          M 
                      00388 
00C9   1283 1303      00389                 banksel SSPBUF
                      00390 
00CB   0813           00391                 movfw   SSPBUF                                          ; move the contents of the buffe
                            r into W
                      00392 
Error[113]  : Symbol not previously defined (INDF1)
00CC   0080           00393                 movwf   INDF1                                           ; load INDF1 with data to write
                      00394 
00CD   0AF0           00395                 incf    INDEX_I2C,F                                     ; increment 'pointer' to next me
                            mory location
                      00396 
Error[113]  : Symbol not previously defined (SSPCON1)
00CE   1283 1303      00397         banksel SSPCON1
                      00398 
Error[113]  : Symbol not previously defined (SSPCON1)
00D0   1B80           00399                 btfsc   SSPCON1,WCOL                            ; did a write collision occur?
MPASM  5.03                         AN734.ASM   1-6-2014  21:11:48         PAGE 11


LOC  OBJECT CODE     LINE SOURCE TEXT
  VALUE

                      00400 
00D1   28E3           00401                 goto    WRITE_COLL                                      ; if so, go clear bit
                      00402 
Error[113]  : Symbol not previously defined (SSPCON1)
00D2   1283 1303      00403                 banksel SSPCON1
                      00404 
Error[113]  : Symbol not previously defined (SSPCON1)
00D4   1600           00405                 bsf             SSPCON1,CKP                                     ; release clock stretch
                      00406 
00D5   1283 1303      00407                 banksel PIR1
                      00408 
00D7   118C           00409                 bcf     PIR1,SSPIF                                      ; clear the SSP interrupt flag
                      00410 
00D8   28FA           00411                 goto    EXIT                                            ; Go to EXIT to return from inte
                            rrupt
                      00412 
                      00413                 
                      00414 
00D9                  00415 NO_MEM_OVERWRITE
                      00416 
00D9   1283 1303      00417                 banksel SSPBUF
                      00418 
00DB   0813           00419                 movfw   SSPBUF                                          ; move SSP buffer to W
                      00420 
                      00421                                                                 ; clear buffer so no overwrite occurs
                      00422 
Error[113]  : Symbol not previously defined (SSPCON1)
00DC   1283 1303      00423                 banksel SSPCON1
                      00424 
Error[113]  : Symbol not previously defined (SSPCON1)
00DE   1600           00425                 bsf             SSPCON1,CKP                                     ; release clock stretch
                      00426 
00DF   1283 1303      00427                 banksel PIR1
                      00428 
00E1   118C           00429                 bcf     PIR1,SSPIF                                      ; clear the SSP interrupt flag
                      00430 
00E2   28FA           00431                 goto    EXIT                                            ; Go to EXIT to return from inte
                            rrupt
                      00432 
                      00433 
                      00434 
00E3                  00435 WRITE_COLL
                      00436 
Error[113]  : Symbol not previously defined (SSPCON1)
00E3   1283 1303      00437                 banksel SSPCON1
                      00438 
Error[113]  : Symbol not previously defined (SSPCON1)
00E5   1380           00439                 bcf             SSPCON1,WCOL                            ; clear WCOL bit
                      00440 
00E6   1283 1303      00441                 banksel SSPBUF
                      00442 
00E8   0813           00443                 movfw   SSPBUF                                          ; move SSP buffer to W
                      00444 
MPASM  5.03                         AN734.ASM   1-6-2014  21:11:48         PAGE 12


LOC  OBJECT CODE     LINE SOURCE TEXT
  VALUE

                      00445                                                                 ; clear SSP buffer
                      00446 
Error[113]  : Symbol not previously defined (SSPCON1)
00E9   1283 1303      00447                 banksel SSPCON1
                      00448 
Error[113]  : Symbol not previously defined (SSPCON1)
00EB   1600           00449                 bsf             SSPCON1,CKP                                     ; release clock stretch
                      00450 
00EC   1283 1303      00451                 banksel PIR1
                      00452 
00EE   118C           00453                 bcf     PIR1,SSPIF                                      ; clear the SSP interrupt flag
                      00454 
00EF   28FA           00455                 goto    EXIT                                            ; Go to EXIT to return from inte
                            rrupt
                      00456 
                      00457 
                      00458 
00F0                  00459 BUS_COLL
                      00460 
00F0   1283 1303      00461                 banksel SSPBUF                                          
                      00462 
00F2   0193           00463                 clrf    SSPBUF                                          ; clear the SSP buffer
                      00464 
00F3   1283 1303      00465                 banksel PIR2
                      00466 
00F5   118D           00467                 bcf             PIR2,BCLIF                                      ; clear the SSP interrup
                            t flag  
                      00468 
Error[113]  : Symbol not previously defined (SSPCON1)
00F6   1283 1303      00469                 banksel SSPCON1
                      00470 
Error[113]  : Symbol not previously defined (SSPCON1)
00F8   1600           00471                 bsf             SSPCON1,CKP                                     ; release clock stretch
                      00472 
00F9   28FA           00473                 goto    EXIT                                            ; Go to EXIT to return from inte
                            rrupt
                      00474 
                      00475 
                      00476 
00FA                  00477 EXIT
                      00478 
00FA   0009           00479         retfie                              ; Return from interrupt.
                      00480 
                      00481                 end                                                                     ; END OF PROGRAM
MPASM  5.03                         AN734.ASM   1-6-2014  21:11:48         PAGE 13


SYMBOL TABLE
  LABEL                             VALUE 

ACKDT                             00000005
ACKEN                             00000004
ACKSTAT                           00000006
ADCON0                            0000001F
ADCON1                            0000009F
ADCS0                             00000006
ADCS1                             00000007
ADDEN                             00000003
ADFM                              00000007
ADIE                              00000006
ADIF                              00000006
ADON                              00000000
ADRESH                            0000001E
ADRESL                            0000009E
BCLIE                             00000003
BCLIF                             00000003
BF                                00000000
BRGH                              00000002
BUS_COLL                          000000F0
C                                 00000000
CCP1CON                           00000017
CCP1IE                            00000002
CCP1IF                            00000002
CCP1M0                            00000000
CCP1M1                            00000001
CCP1M2                            00000002
CCP1M3                            00000003
CCP1X                             00000005
CCP1Y                             00000004
CCP2CON                           0000001D
CCP2IE                            00000000
CCP2IF                            00000000
CCP2M0                            00000000
CCP2M1                            00000001
CCP2M2                            00000002
CCP2M3                            00000003
CCP2X                             00000005
CCP2Y                             00000004
CCPR1H                            00000016
CCPR1L                            00000015
CCPR2H                            0000001C
CCPR2L                            0000001B
CHS0                              00000003
CHS1                              00000004
CHS2                              00000005
CKE                               00000006
CKP                               00000004
CREN                              00000004
CSRC                              00000007
D                                 00000005
DATA_ADDRESS                      00000005
DC                                00000001
D_A                               00000005
MPASM  5.03                         AN734.ASM   1-6-2014  21:11:48         PAGE 14


SYMBOL TABLE
  LABEL                             VALUE 

EEADR                             0000010D
EEADRH                            0000010F
EECON1                            0000018C
EECON2                            0000018D
EEDATA                            0000010C
EEDATH                            0000010E
EEIE                              00000004
EEIF                              00000004
EEPGD                             00000007
EXIT                              000000FA
F                                 00000001
FERR                              00000002
FIRST                             00000071
FSR                               00000004
GCEN                              00000007
GIE                               00000007
GO                                00000002
GO_DONE                           00000002
I2C_ADDRESS                       0x30
I2C_ARRAY                         00000000
I2C_DATA                          00000005
I2C_READ                          00000002
I2C_START                         00000003
I2C_STOP                          00000004
IBF                               00000007
IBOV                              00000005
INDEX_I2C                         00000070
INDF                              00000000
INITIALIZE                        00000043
INTCON                            0000000B
INTE                              00000004
INTEDG                            00000006
INTF                              00000001
IRP                               00000007
LOADFSR                           
LOOP                              00000041
Main                              00000040
NOT_A                             00000005
NOT_ADDRESS                       00000005
NOT_BO                            00000000
NOT_BOR                           00000000
NOT_DONE                          00000002
NOT_PD                            00000003
NOT_POR                           00000001
NOT_RBPU                          00000007
NOT_RC8                           00000006
NOT_T1SYNC                        00000002
NOT_TO                            00000004
NOT_TX8                           00000006
NOT_W                             00000002
NOT_WRITE                         00000002
NO_MEM_OVERWRITE                  000000D9
OBF                               00000006
MPASM  5.03                         AN734.ASM   1-6-2014  21:11:48         PAGE 15


SYMBOL TABLE
  LABEL                             VALUE 

OERR                              00000001
OPTION_REG                        00000081
P                                 00000004
PCFG0                             00000000
PCFG1                             00000001
PCFG2                             00000002
PCFG3                             00000003
PCL                               00000002
PCLATH                            0000000A
PCON                              0000008E
PEIE                              00000006
PEN                               00000002
PIE1                              0000008C
PIE2                              0000008D
PIR1                              0000000C
PIR2                              0000000D
PORTA                             00000005
PORTB                             00000006
PORTC                             00000007
PORTD                             00000008
PORTE                             00000009
PR2                               00000092
PS0                               00000000
PS1                               00000001
PS2                               00000002
PSA                               00000003
PSPIE                             00000007
PSPIF                             00000007
PSPMODE                           00000004
R                                 00000002
RBIE                              00000003
RBIF                              00000000
RC8_9                             00000006
RC9                               00000006
RCD8                              00000000
RCEN                              00000003
RCIE                              00000005
RCIF                              00000005
RCREG                             0000001A
RCSTA                             00000018
RD                                00000000
READ                              0000006E
READ_WRITE                        00000002
RP0                               00000005
RP1                               00000006
RSEN                              00000001
RX9                               00000006
RX9D                              00000000
RX_ELEMENTS                       .32
R_ADDRESS                         00000073
R_DATA                            00000087
R_W                               00000002
S                                 00000003
MPASM  5.03                         AN734.ASM   1-6-2014  21:11:48         PAGE 16


SYMBOL TABLE
  LABEL                             VALUE 

SEN                               00000000
SMP                               00000007
SPBRG                             00000099
SPEN                              00000007
SREN                              00000005
SSPADD                            00000093
SSPBUF                            00000013
SSPCON                            00000014
SSPCON2                           00000091
SSPEN                             00000005
SSPIE                             00000003
SSPIF                             00000003
SSPM0                             00000000
SSPM1                             00000001
SSPM2                             00000002
SSPM3                             00000003
SSPOV                             00000006
SSPSTAT                           00000094
STATUS                            00000003
SYNC                              00000004
T0CS                              00000005
T0IE                              00000005
T0IF                              00000002
T0SE                              00000004
T1CKPS0                           00000004
T1CKPS1                           00000005
T1CON                             00000010
T1INSYNC                          00000002
T1OSCEN                           00000003
T1SYNC                            00000002
T2CKPS0                           00000000
T2CKPS1                           00000001
T2CON                             00000012
TMR0                              00000001
TMR1CS                            00000001
TMR1H                             0000000F
TMR1IE                            00000000
TMR1IF                            00000000
TMR1L                             0000000E
TMR1ON                            00000000
TMR2                              00000011
TMR2IE                            00000001
TMR2IF                            00000001
TMR2ON                            00000002
TOUTPS0                           00000003
TOUTPS1                           00000004
TOUTPS2                           00000005
TOUTPS3                           00000006
TRISA                             00000085
TRISB                             00000086
TRISC                             00000087
TRISD                             00000088
TRISE                             00000089
MPASM  5.03                         AN734.ASM   1-6-2014  21:11:48         PAGE 17


SYMBOL TABLE
  LABEL                             VALUE 

TRISE0                            00000000
TRISE1                            00000001
TRISE2                            00000002
TRMT                              00000001
TX8_9                             00000006
TX9                               00000006
TX9D                              00000000
TXD8                              00000000
TXEN                              00000005
TXIE                              00000004
TXIF                              00000004
TXREG                             00000019
TXSTA                             00000098
UA                                00000001
W                                 00000000
WCOL                              00000007
WR                                00000001
WREN                              00000002
WRERR                             00000003
WRITE                             0000009B
WRITE_COLL                        000000E3
W_ADDRESS                         000000A0
W_DATA                            000000AB
W_DATA_SUB                        000000BB
Z                                 00000002
_BODEN_OFF                        00003FBF
_BODEN_ON                         00003FFF
_CPD_OFF                          00003FFF
_CPD_ON                           00003EFF
_CP_ALL                           00000FCF
_CP_HALF                          00001FDF
_CP_OFF                           00003FFF
_CP_UPPER_256                     00002FEF
_DEBUG_OFF                        00003FFF
_DEBUG_ON                         000037FF
_HS_OSC                           00003FFE
_LP_OSC                           00003FFC
_LVP_OFF                          00003F7F
_LVP_ON                           00003FFF
_PWRTE_OFF                        00003FFF
_PWRTE_ON                         00003FF7
_RC_OSC                           00003FFF
_WDT_OFF                          00003FFB
_WDT_ON                           00003FFF
_WRT_ENABLE_OFF                   00003DFF
_WRT_ENABLE_ON                    00003FFF
_XT_OSC                           00003FFD
__16F877                          00000001
MPASM  5.03                         AN734.ASM   1-6-2014  21:11:48         PAGE 18


MEMORY USAGE MAP ('X' = Used,  '-' = Unused)


0000 : X---XXXXXXXXX--- ---------------- ---------------- ----------------
0040 : XXXXXXXXXXXXXXXX XXXXXXXXXXXXXXXX XXXXXXXXXXXXXXXX XXXXXXXXXXXXXXXX
0080 : XXXXXXXXXXXXXXXX XXXXXXXXXXXXXXXX XXXXXXXXXXXXXXXX XXXXXXXXXXXXXXXX
00C0 : XXXXXXXXXXXXXXXX XXXXXXXXXXXXXXXX XXXXXXXXXXXXXXXX XXXXXXXXXXX-----
2000 : -------X-------- ---------------- ---------------- ----------------

All other memory blocks unused.

Program Memory Words Used:   197
Program Memory Words Free:  7995


Errors   :    51
Warnings :     4 reported,     0 suppressed
Messages :    11 reported,     0 suppressed

