Warning[207] ..\I2C\SLAVE.ASM 115 : Found label after column 1. (bank0)
Warning[207] ..\I2C\SLAVE.ASM 116 : Found label after column 1. (movfw)
Error[122]   ..\I2C\SLAVE.ASM 116 : Illegal opcode (CMCON0)
Warning[207] ..\I2C\SLAVE.ASM 117 : Found label after column 1. (andlw)
Error[108]   ..\I2C\SLAVE.ASM 117 : Illegal character (0)
Warning[207] ..\I2C\SLAVE.ASM 118 : Found label after column 1. (bz)
Error[122]   ..\I2C\SLAVE.ASM 118 : Illegal opcode (set111)
Warning[207] ..\I2C\SLAVE.ASM 119 : Found label after column 1. (xorlw)
Error[108]   ..\I2C\SLAVE.ASM 119 : Illegal character (0)
Warning[207] ..\I2C\SLAVE.ASM 120 : Found label after column 1. (bz)
Error[122]   ..\I2C\SLAVE.ASM 120 : Illegal opcode (done)
Warning[207] ..\I2C\SLAVE.ASM 121 : Found label after column 1. (movfw)
Error[122]   ..\I2C\SLAVE.ASM 121 : Illegal opcode (CMCON0)
Warning[207] ..\I2C\SLAVE.ASM 122 : Found label after column 1. (iorlw)
Error[108]   ..\I2C\SLAVE.ASM 122 : Illegal character (0)
Warning[207] ..\I2C\SLAVE.ASM 123 : Found label after column 1. (andlw)
Error[108]   ..\I2C\SLAVE.ASM 123 : Illegal character (0)
Warning[207] ..\I2C\SLAVE.ASM 124 : Found label after column 1. (movwf)
Error[122]   ..\I2C\SLAVE.ASM 124 : Illegal opcode (CMCON0)
Warning[207] ..\I2C\SLAVE.ASM 125 : Found label after column 1. (goto)
Error[122]   ..\I2C\SLAVE.ASM 125 : Illegal opcode (done)
Warning[207] ..\I2C\SLAVE.ASM 128 : Found label after column 1. (movlw)
Error[108]   ..\I2C\SLAVE.ASM 128 : Illegal character (0)
Warning[207] ..\I2C\SLAVE.ASM 129 : Found label after column 1. (iorwf)
Error[122]   ..\I2C\SLAVE.ASM 129 : Illegal opcode (CMCON0)
Warning[207] ..\I2C\SLAVE.ASM 138 : Found label after column 1. (bank0)
Warning[207] ..\I2C\SLAVE.ASM 141 : Found label after column 1. (movlw)
Error[122]   ..\I2C\SLAVE.ASM 141 : Illegal opcode (h)
Warning[207] ..\I2C\SLAVE.ASM 142 : Found label after column 1. (movwf)
Error[122]   ..\I2C\SLAVE.ASM 142 : Illegal opcode (ADDRESS)
Warning[207] ..\I2C\SLAVE.ASM 145 : Found label after column 1. (bank1)
Warning[207] ..\I2C\SLAVE.ASM 147 : Found label after column 1. (bsf)
Error[122]   ..\I2C\SLAVE.ASM 147 : Illegal opcode (TRISA)
Warning[207] ..\I2C\SLAVE.ASM 148 : Found label after column 1. (bsf)
Error[122]   ..\I2C\SLAVE.ASM 148 : Illegal opcode (TRISA)
Warning[207] ..\I2C\SLAVE.ASM 150 : Found label after column 1. (bcf)
Error[122]   ..\I2C\SLAVE.ASM 150 : Illegal opcode (ANSEL)
Warning[207] ..\I2C\SLAVE.ASM 151 : Found label after column 1. (bcf)
Error[122]   ..\I2C\SLAVE.ASM 151 : Illegal opcode (ANSEL)
Warning[207] ..\I2C\SLAVE.ASM 155 : Found label after column 1. (clrf)
Error[122]   ..\I2C\SLAVE.ASM 155 : Illegal opcode (IOCA)
Warning[207] ..\I2C\SLAVE.ASM 156 : Found label after column 1. (bsf)
Error[122]   ..\I2C\SLAVE.ASM 156 : Illegal opcode (IOCA)
Warning[207] ..\I2C\SLAVE.ASM 159 : Found label after column 1. (bcf)
Error[122]   ..\I2C\SLAVE.ASM 159 : Illegal opcode (IOCA)
Warning[207] ..\I2C\SLAVE.ASM 161 : Found label after column 1. (bank0)
Warning[207] ..\I2C\SLAVE.ASM 95 : Found label after column 1. (bank0)
Warning[207] ..\I2C\SLAVE.ASM 96 : Found label after column 1. (movlw)
Error[122]   ..\I2C\SLAVE.ASM 96 : Illegal opcode (state_idle)
Warning[207] ..\I2C\SLAVE.ASM 97 : Found label after column 1. (movwf)
Error[122]   ..\I2C\SLAVE.ASM 97 : Illegal opcode (STATE)
Warning[207] ..\I2C\SLAVE.ASM 165 : Found label after column 1. (return)
Warning[207] ..\I2C\SLAVE.ASM 175 : Found label after column 1. (bank0)
Warning[207] ..\I2C\SLAVE.ASM 179 : Found label after column 1. (movfw)
Error[122]   ..\I2C\SLAVE.ASM 179 : Illegal opcode (STATE)
Warning[207] ..\I2C\SLAVE.ASM 180 : Found label after column 1. (addwf)
Error[122]   ..\I2C\SLAVE.ASM 180 : Illegal opcode (PCL)
Warning[206] ..\I2C\SLAVE.ASM 187 : Found call to macro in column 1. (return_if_LOW)
Warning[207] ..\I2C\SLAVE.ASM 73 : Found label after column 1. (bank0)
Warning[207] ..\I2C\SLAVE.ASM 74 : Found label after column 1. (btfss)
Error[122]   ..\I2C\SLAVE.ASM 74 : Illegal opcode (PORTA)
Warning[207] ..\I2C\SLAVE.ASM 75 : Found label after column 1. (return)
Warning[207] ..\I2C\SLAVE.ASM 95 : Found label after column 1. (bank0)
Warning[207] ..\I2C\SLAVE.ASM 96 : Found label after column 1. (movlw)
Error[122]   ..\I2C\SLAVE.ASM 96 : Illegal opcode (state_wait_addr)
Warning[207] ..\I2C\SLAVE.ASM 97 : Found label after column 1. (movwf)
Error[122]   ..\I2C\SLAVE.ASM 97 : Illegal opcode (STATE)
Warning[207] ..\I2C\SLAVE.ASM 194 : Found label after column 1. (clrf)
Error[122]   ..\I2C\SLAVE.ASM 194 : Illegal opcode (ACCUM)
Warning[207] ..\I2C\SLAVE.ASM 195 : Found label after column 1. (movlw)
Error[108]   ..\I2C\SLAVE.ASM 195 : Illegal character (0)
Warning[207] ..\I2C\SLAVE.ASM 196 : Found label after column 1. (movwf)
Error[122]   ..\I2C\SLAVE.ASM 196 : Illegal opcode (BCOUNT)
Warning[207] ..\I2C\SLAVE.ASM 199 : Found label after column 1. (bank1)
Warning[207] ..\I2C\SLAVE.ASM 200 : Found label after column 1. (bsf)
Error[122]   ..\I2C\SLAVE.ASM 200 : Illegal opcode (IOCA)
Warning[207] ..\I2C\SLAVE.ASM 201 : Found label after column 1. (bcf)
Error[122]   ..\I2C\SLAVE.ASM 201 : Illegal opcode (IOCA)
Warning[207] ..\I2C\SLAVE.ASM 204 : Found label after column 1. (return)
Warning[207] ..\I2C\SLAVE.ASM 73 : Found label after column 1. (bank0)
Warning[207] ..\I2C\SLAVE.ASM 74 : Found label after column 1. (btfss)
Error[122]   ..\I2C\SLAVE.ASM 74 : Illegal opcode (PORTA)
Warning[207] ..\I2C\SLAVE.ASM 75 : Found label after column 1. (return)
Warning[207] ..\I2C\SLAVE.ASM 86 : Found label after column 1. (bank0)
Warning[207] ..\I2C\SLAVE.ASM 87 : Found label after column 1. (clrc)
Warning[207] ..\I2C\SLAVE.ASM 88 : Found label after column 1. (btfsc)
Error[122]   ..\I2C\SLAVE.ASM 88 : Illegal opcode (PORTA)
Warning[207] ..\I2C\SLAVE.ASM 89 : Found label after column 1. (setc)
Warning[207] ..\I2C\SLAVE.ASM 90 : Found label after column 1. (rlf)
Error[122]   ..\I2C\SLAVE.ASM 90 : Illegal opcode (ACCUM)
Warning[207] ..\I2C\SLAVE.ASM 217 : Found label after column 1. (decfsz)
Error[122]   ..\I2C\SLAVE.ASM 217 : Illegal opcode (BCOUNT)
Warning[207] ..\I2C\SLAVE.ASM 218 : Found label after column 1. (goto)
Error[122]   ..\I2C\SLAVE.ASM 218 : Illegal opcode (got_address)
Warning[207] ..\I2C\SLAVE.ASM 220 : Found label after column 1. (return)
Warning[207] ..\I2C\SLAVE.ASM 103 : Found label after column 1. (movfw)
Error[122]   ..\I2C\SLAVE.ASM 103 : Illegal opcode (ADDRESS)
Warning[207] ..\I2C\SLAVE.ASM 104 : Found label after column 1. (xorwf)
Error[122]   ..\I2C\SLAVE.ASM 104 : Illegal opcode (ACCUM)
Warning[207] ..\I2C\SLAVE.ASM 105 : Found label after column 1. (btfsc)
Error[122]   ..\I2C\SLAVE.ASM 105 : Illegal opcode (STATUS)
Warning[207] ..\I2C\SLAVE.ASM 106 : Found label after column 1. (goto)
Error[122]   ..\I2C\SLAVE.ASM 106 : Illegal opcode (move_to_wait_rw)
Warning[207] ..\I2C\SLAVE.ASM 225 : Found label after column 1. (goto)
Error[122]   ..\I2C\SLAVE.ASM 225 : Illegal opcode (move_to_wait_rw)
Warning[207] ..\I2C\SLAVE.ASM 228 : Found label after column 1. (bank1)
Warning[207] ..\I2C\SLAVE.ASM 229 : Found label after column 1. (goto)
Error[122]   ..\I2C\SLAVE.ASM 229 : Illegal opcode (move_to_idle)
Warning[207] ..\I2C\SLAVE.ASM 95 : Found label after column 1. (bank0)
Warning[207] ..\I2C\SLAVE.ASM 96 : Found label after column 1. (movlw)
Error[122]   ..\I2C\SLAVE.ASM 96 : Illegal opcode (state_wait_rw)
Warning[207] ..\I2C\SLAVE.ASM 97 : Found label after column 1. (movwf)
Error[122]   ..\I2C\SLAVE.ASM 97 : Illegal opcode (STATE)
Warning[207] ..\I2C\SLAVE.ASM 233 : Found label after column 1. (return)
Warning[207] ..\I2C\SLAVE.ASM 73 : Found label after column 1. (bank0)
Warning[207] ..\I2C\SLAVE.ASM 74 : Found label after column 1. (btfss)
Error[122]   ..\I2C\SLAVE.ASM 74 : Illegal opcode (PORTA)
Warning[207] ..\I2C\SLAVE.ASM 75 : Found label after column 1. (return)
Warning[207] ..\I2C\SLAVE.ASM 65 : Found label after column 1. (bank0)
Warning[207] ..\I2C\SLAVE.ASM 66 : Found label after column 1. (clrf)
Error[122]   ..\I2C\SLAVE.ASM 66 : Illegal opcode (RW_MODE)
Warning[207] ..\I2C\SLAVE.ASM 67 : Found label after column 1. (btfsc)
Error[122]   ..\I2C\SLAVE.ASM 67 : Illegal opcode (PORTA)
Warning[207] ..\I2C\SLAVE.ASM 68 : Found label after column 1. (bsf)
Error[122]   ..\I2C\SLAVE.ASM 68 : Illegal opcode (RW_MODE)
Warning[207] ..\I2C\SLAVE.ASM 245 : Found label after column 1. (return)
Warning[207] ..\I2C\SLAVE.ASM 95 : Found label after column 1. (bank0)
Warning[207] ..\I2C\SLAVE.ASM 96 : Found label after column 1. (movlw)
Error[122]   ..\I2C\SLAVE.ASM 96 : Illegal opcode (state_ack_wait)
Warning[207] ..\I2C\SLAVE.ASM 97 : Found label after column 1. (movwf)
Error[122]   ..\I2C\SLAVE.ASM 97 : Illegal opcode (STATE)
Warning[207] ..\I2C\SLAVE.ASM 252 : Found label after column 1. (bcf)
Error[122]   ..\I2C\SLAVE.ASM 252 : Illegal opcode (PORTA)
Warning[207] ..\I2C\SLAVE.ASM 253 : Found label after column 1. (bank1)
Warning[207] ..\I2C\SLAVE.ASM 254 : Found label after column 1. (bcf)
Error[122]   ..\I2C\SLAVE.ASM 254 : Illegal opcode (TRISA)
Warning[207] ..\I2C\SLAVE.ASM 257 : Found label after column 1. (return)
Warning[207] ..\I2C\SLAVE.ASM 95 : Found label after column 1. (bank0)
Warning[207] ..\I2C\SLAVE.ASM 96 : Found label after column 1. (movlw)
Error[122]   ..\I2C\SLAVE.ASM 96 : Illegal opcode (state_ack_running)
Warning[207] ..\I2C\SLAVE.ASM 97 : Found label after column 1. (movwf)
Error[122]   ..\I2C\SLAVE.ASM 97 : Illegal opcode (STATE)
Warning[207] ..\I2C\SLAVE.ASM 265 : Found label after column 1. (return)
Warning[207] ..\I2C\SLAVE.ASM 79 : Found label after column 1. (bank0)
Warning[207] ..\I2C\SLAVE.ASM 80 : Found label after column 1. (btfsc)
Error[122]   ..\I2C\SLAVE.ASM 80 : Illegal opcode (PORTA)
Warning[207] ..\I2C\SLAVE.ASM 81 : Found label after column 1. (return)
Warning[207] ..\I2C\SLAVE.ASM 95 : Found label after column 1. (bank0)
Warning[207] ..\I2C\SLAVE.ASM 96 : Found label after column 1. (movlw)
Error[122]   ..\I2C\SLAVE.ASM 96 : Illegal opcode (state_ack_done)
Warning[207] ..\I2C\SLAVE.ASM 97 : Found label after column 1. (movwf)
Error[122]   ..\I2C\SLAVE.ASM 97 : Illegal opcode (STATE)
Warning[207] ..\I2C\SLAVE.ASM 277 : Found label after column 1. (bank1)
Warning[207] ..\I2C\SLAVE.ASM 278 : Found label after column 1. (bsf)
Error[122]   ..\I2C\SLAVE.ASM 278 : Illegal opcode (TRISA)
Warning[207] ..\I2C\SLAVE.ASM 280 : Found label after column 1. (return)
Warning[207] ..\I2C\SLAVE.ASM 65 : Found label after column 1. (bank0)
Warning[207] ..\I2C\SLAVE.ASM 66 : Found label after column 1. (clrf)
Error[122]   ..\I2C\SLAVE.ASM 66 : Illegal opcode (DATA7)
Warning[207] ..\I2C\SLAVE.ASM 67 : Found label after column 1. (btfsc)
Error[122]   ..\I2C\SLAVE.ASM 67 : Illegal opcode (PORTA)
Warning[207] ..\I2C\SLAVE.ASM 68 : Found label after column 1. (bsf)
Error[122]   ..\I2C\SLAVE.ASM 68 : Illegal opcode (DATA7)
Warning[207] ..\I2C\SLAVE.ASM 95 : Found label after column 1. (bank0)
Warning[207] ..\I2C\SLAVE.ASM 96 : Found label after column 1. (movlw)
Error[122]   ..\I2C\SLAVE.ASM 96 : Illegal opcode (state_wait_command)
Warning[207] ..\I2C\SLAVE.ASM 97 : Found label after column 1. (movwf)
Error[122]   ..\I2C\SLAVE.ASM 97 : Illegal opcode (STATE)
Warning[207] ..\I2C\SLAVE.ASM 290 : Found label after column 1. (bank1)
Warning[207] ..\I2C\SLAVE.ASM 291 : Found label after column 1. (bsf)
Error[122]   ..\I2C\SLAVE.ASM 291 : Illegal opcode (IOCA)
Warning[207] ..\I2C\SLAVE.ASM 293 : Found label after column 1. (return)
Warning[207] ..\I2C\SLAVE.ASM 300 : Found label after column 1. (btfss)
Error[122]   ..\I2C\SLAVE.ASM 300 : Illegal opcode (PORTA)
Warning[207] ..\I2C\SLAVE.ASM 301 : Found label after column 1. (goto)
Error[122]   ..\I2C\SLAVE.ASM 301 : Illegal opcode (data_command)
Warning[207] ..\I2C\SLAVE.ASM 304 : Found label after column 1. (btfss)
Error[122]   ..\I2C\SLAVE.ASM 304 : Illegal opcode (PORTA)
Warning[207] ..\I2C\SLAVE.ASM 305 : Found label after column 1. (goto)
Error[122]   ..\I2C\SLAVE.ASM 305 : Illegal opcode (stop_condition)
Warning[207] ..\I2C\SLAVE.ASM 95 : Found label after column 1. (bank0)
Warning[207] ..\I2C\SLAVE.ASM 96 : Found label after column 1. (movlw)
Error[122]   ..\I2C\SLAVE.ASM 96 : Illegal opcode (state_wait_addr)
Warning[207] ..\I2C\SLAVE.ASM 97 : Found label after column 1. (movwf)
Error[122]   ..\I2C\SLAVE.ASM 97 : Illegal opcode (STATE)
Warning[207] ..\I2C\SLAVE.ASM 309 : Found label after column 1. (return)
Warning[207] ..\I2C\SLAVE.ASM 312 : Found label after column 1. (bank1)
Warning[207] ..\I2C\SLAVE.ASM 313 : Found label after column 1. (goto)
Error[122]   ..\I2C\SLAVE.ASM 313 : Illegal opcode (move_to_idle2)
Warning[207] ..\I2C\SLAVE.ASM 317 : Found label after column 1. (movfw)
Error[122]   ..\I2C\SLAVE.ASM 317 : Illegal opcode (DATA7)
Warning[207] ..\I2C\SLAVE.ASM 318 : Found label after column 1. (movwf)
Error[122]   ..\I2C\SLAVE.ASM 318 : Illegal opcode (ACCUM)
Warning[207] ..\I2C\SLAVE.ASM 319 : Found label after column 1. (movlw)
Error[108]   ..\I2C\SLAVE.ASM 319 : Illegal character (0)
Warning[207] ..\I2C\SLAVE.ASM 320 : Found label after column 1. (movwf)
Error[122]   ..\I2C\SLAVE.ASM 320 : Illegal opcode (BCOUNT)
Warning[207] ..\I2C\SLAVE.ASM 95 : Found label after column 1. (bank0)
Warning[207] ..\I2C\SLAVE.ASM 96 : Found label after column 1. (movlw)
Error[122]   ..\I2C\SLAVE.ASM 96 : Illegal opcode (state_wait_data)
Warning[207] ..\I2C\SLAVE.ASM 97 : Found label after column 1. (movwf)
Error[122]   ..\I2C\SLAVE.ASM 97 : Illegal opcode (STATE)
Warning[207] ..\I2C\SLAVE.ASM 325 : Found label after column 1. (bank1)
Warning[207] ..\I2C\SLAVE.ASM 326 : Found label after column 1. (bcf)
Error[122]   ..\I2C\SLAVE.ASM 326 : Illegal opcode (IOCA)
Warning[207] ..\I2C\SLAVE.ASM 328 : Found label after column 1. (return)
Warning[207] ..\I2C\SLAVE.ASM 73 : Found label after column 1. (bank0)
Warning[207] ..\I2C\SLAVE.ASM 74 : Found label after column 1. (btfss)
Error[122]   ..\I2C\SLAVE.ASM 74 : Illegal opcode (PORTA)
Warning[207] ..\I2C\SLAVE.ASM 75 : Found label after column 1. (return)
Warning[207] ..\I2C\SLAVE.ASM 86 : Found label after column 1. (bank0)
Warning[207] ..\I2C\SLAVE.ASM 87 : Found label after column 1. (clrc)
Warning[207] ..\I2C\SLAVE.ASM 88 : Found label after column 1. (btfsc)
Error[122]   ..\I2C\SLAVE.ASM 88 : Illegal opcode (PORTA)
Warning[207] ..\I2C\SLAVE.ASM 89 : Found label after column 1. (setc)
Warning[207] ..\I2C\SLAVE.ASM 90 : Found label after column 1. (rlf)
Error[122]   ..\I2C\SLAVE.ASM 90 : Illegal opcode (ACCUM)
Warning[207] ..\I2C\SLAVE.ASM 340 : Found label after column 1. (decfsz)
Error[122]   ..\I2C\SLAVE.ASM 340 : Illegal opcode (BCOUNT)
Warning[207] ..\I2C\SLAVE.ASM 341 : Found label after column 1. (goto)
Error[122]   ..\I2C\SLAVE.ASM 341 : Illegal opcode (got_data)
Warning[207] ..\I2C\SLAVE.ASM 344 : Found label after column 1. (return)
Warning[207] ..\I2C\SLAVE.ASM 348 : Found label after column 1. (movf)
Error[122]   ..\I2C\SLAVE.ASM 348 : Illegal opcode (ACCUM)
Warning[207] ..\I2C\SLAVE.ASM 349 : Found label after column 1. (movwf)
Error[122]   ..\I2C\SLAVE.ASM 349 : Illegal opcode (PORTC)
Warning[207] ..\I2C\SLAVE.ASM 352 : Found label after column 1. (goto)
Error[122]   ..\I2C\SLAVE.ASM 352 : Illegal opcode (move_to_ack_wait)
Error[129]   ..\I2C\SLAVE.ASM 359 : Expected (END)
Error[131]   ..\I2C\SLAVE.ASM 359 : Processor type is undefined
